<?xml version="1.0" encoding="UTF-8"?>
<!-- Generated by org.testng.reporters.JUnitReportReporter -->
<testsuite skipped="0" hostname="DESKTOP-ATOQJFI" name="com.atmecs.webtable.test.PurchaseProduct" tests="1" failures="0" timestamp="2020-09-25T01:19:03 PDT" time="8.772" errors="0">
  <testcase name="addToCart" time="8.772" classname="com.atmecs.webtable.test.PurchaseProduct"/>
  <system-out/>
</testsuite> <!-- com.atmecs.webtable.test.PurchaseProduct -->
