<?xml version="1.0" encoding="UTF-8"?>
<!-- Generated by org.testng.reporters.JUnitReportReporter -->
<testsuite hostname="ATMECSINDT-083" failures="0" tests="1" name="com.atmecs.webtable.test.TableData" time="5.393" errors="0" timestamp="10 Mar 2020 11:53:08 GMT" skipped="0">
  <testcase classname="com.atmecs.webtable.test.TableData" name="addToCart" time="5.393"/>
</testsuite> <!-- com.atmecs.webtable.test.TableData -->
