<?xml version="1.0" encoding="UTF-8"?>
<!-- Generated by org.testng.reporters.JUnitReportReporter -->
<testsuite skipped="0" hostname="DESKTOP-ATOQJFI" name="com.atmecs.webtable.test.PurchaseProduct" tests="1" failures="0" timestamp="2020-09-24T05:24:15 PDT" time="10.167" errors="0">
  <testcase name="addToCart" time="10.167" classname="com.atmecs.webtable.test.PurchaseProduct"/>
  <system-out/>
</testsuite> <!-- com.atmecs.webtable.test.PurchaseProduct -->
